[2024-10-02T22:28:55.031+0000] {local_task_job_runner.py:123} INFO - ::group::Pre task execution logs
[2024-10-02T22:28:55.042+0000] {taskinstance.py:2612} INFO - Dependencies all met for dep_context=non-requeueable deps ti=<TaskInstance: data_preparation.read_data scheduled__2024-10-02T22:20:00+00:00 [queued]>
[2024-10-02T22:28:55.049+0000] {taskinstance.py:2612} INFO - Dependencies all met for dep_context=requeueable deps ti=<TaskInstance: data_preparation.read_data scheduled__2024-10-02T22:20:00+00:00 [queued]>
[2024-10-02T22:28:55.049+0000] {taskinstance.py:2865} INFO - Starting attempt 1 of 1
[2024-10-02T22:28:55.058+0000] {taskinstance.py:2888} INFO - Executing <Task(_PythonDecoratedOperator): read_data> on 2024-10-02 22:20:00+00:00
[2024-10-02T22:28:55.069+0000] {warnings.py:112} WARNING - /home/***/.local/lib/python3.12/site-packages/***/task/task_runner/standard_task_runner.py:70: DeprecationWarning: This process (pid=1881) is multi-threaded, use of fork() may lead to deadlocks in the child.
  pid = os.fork()

[2024-10-02T22:28:55.072+0000] {standard_task_runner.py:72} INFO - Started process 1899 to run task
[2024-10-02T22:28:55.073+0000] {standard_task_runner.py:104} INFO - Running: ['***', 'tasks', 'run', 'data_preparation', 'read_data', 'scheduled__2024-10-02T22:20:00+00:00', '--job-id', '105', '--raw', '--subdir', 'DAGS_FOLDER/prepare_data.py', '--cfg-path', '/tmp/tmphyz5e58t']
[2024-10-02T22:28:55.076+0000] {standard_task_runner.py:105} INFO - Job 105: Subtask read_data
[2024-10-02T22:28:56.270+0000] {task_command.py:467} INFO - Running <TaskInstance: data_preparation.read_data scheduled__2024-10-02T22:20:00+00:00 [running]> on host 8e64ac78d004
[2024-10-02T22:28:56.621+0000] {taskinstance.py:3131} INFO - Exporting env vars: AIRFLOW_CTX_DAG_OWNER='***' AIRFLOW_CTX_DAG_ID='data_preparation' AIRFLOW_CTX_TASK_ID='read_data' AIRFLOW_CTX_EXECUTION_DATE='2024-10-02T22:20:00+00:00' AIRFLOW_CTX_TRY_NUMBER='1' AIRFLOW_CTX_DAG_RUN_ID='scheduled__2024-10-02T22:20:00+00:00'
[2024-10-02T22:28:56.632+0000] {taskinstance.py:731} INFO - ::endgroup::
[2024-10-02T22:28:56.681+0000] {python.py:240} INFO - Done. Returned value was:     Car_Name  Year  Selling_Price  ...  Seller_Type  Transmission Owner
0       ritz  2014           3.35  ...       Dealer        Manual     0
1        sx4  2013           4.75  ...       Dealer        Manual     0
2       ciaz  2017           7.25  ...       Dealer        Manual     0
3    wagon r  2011           2.85  ...       Dealer        Manual     0
4      swift  2014           4.60  ...       Dealer        Manual     0
..       ...   ...            ...  ...          ...           ...   ...
296     city  2016           9.50  ...       Dealer        Manual     0
297     brio  2015           4.00  ...       Dealer        Manual     0
298     city  2009           3.35  ...       Dealer        Manual     0
299     city  2017          11.50  ...       Dealer        Manual     0
300     brio  2016           5.30  ...       Dealer        Manual     0

[301 rows x 9 columns]
[2024-10-02T22:28:57.216+0000] {taskinstance.py:340} INFO - ::group::Post task execution logs
[2024-10-02T22:28:57.221+0000] {taskinstance.py:352} INFO - Marking task as SUCCESS. dag_id=data_preparation, task_id=read_data, run_id=scheduled__2024-10-02T22:20:00+00:00, execution_date=20241002T222000, start_date=20241002T222855, end_date=20241002T222857
[2024-10-02T22:28:57.314+0000] {local_task_job_runner.py:266} INFO - Task exited with return code 0
[2024-10-02T22:28:57.370+0000] {local_task_job_runner.py:245} INFO - ::endgroup::
