[2024-10-03T18:57:19.371+0000] {manager.py:483} INFO - Processing files using up to 2 processes at a time 
[2024-10-03T18:57:19.375+0000] {manager.py:484} INFO - Process each file at most once every 30 seconds
[2024-10-03T18:57:19.378+0000] {manager.py:485} INFO - Checking for new files in /opt/airflow/dags every 300 seconds
[2024-10-03T18:57:19.380+0000] {manager.py:821} INFO - Searching for files in /opt/airflow/dags
[2024-10-03T18:57:19.386+0000] {manager.py:824} INFO - There are 0 files in /opt/airflow/dags
[2024-10-03T19:02:19.529+0000] {manager.py:821} INFO - Searching for files in /opt/airflow/dags
[2024-10-03T19:02:19.552+0000] {manager.py:824} INFO - There are 0 files in /opt/airflow/dags
[2024-10-03T19:07:20.344+0000] {manager.py:821} INFO - Searching for files in /opt/airflow/dags
[2024-10-03T19:07:20.365+0000] {manager.py:824} INFO - There are 0 files in /opt/airflow/dags
[2024-10-03T19:12:20.608+0000] {manager.py:821} INFO - Searching for files in /opt/airflow/dags
[2024-10-03T19:12:20.616+0000] {manager.py:824} INFO - There are 0 files in /opt/airflow/dags
[2024-10-03T19:17:21.265+0000] {manager.py:821} INFO - Searching for files in /opt/airflow/dags
[2024-10-03T19:17:21.276+0000] {manager.py:824} INFO - There are 0 files in /opt/airflow/dags
[2024-10-03T19:22:21.541+0000] {manager.py:821} INFO - Searching for files in /opt/airflow/dags
[2024-10-03T19:22:21.552+0000] {manager.py:824} INFO - There are 0 files in /opt/airflow/dags
[2024-10-03T19:27:21.653+0000] {manager.py:821} INFO - Searching for files in /opt/airflow/dags
[2024-10-03T19:27:21.658+0000] {manager.py:824} INFO - There are 0 files in /opt/airflow/dags
[2024-10-03T19:31:28.157+0000] {manager.py:465} INFO - Exiting gracefully upon receiving signal 15
[2024-10-03T19:33:57.221+0000] {manager.py:483} INFO - Processing files using up to 2 processes at a time 
[2024-10-03T19:33:57.243+0000] {manager.py:484} INFO - Process each file at most once every 30 seconds
[2024-10-03T19:33:57.245+0000] {manager.py:485} INFO - Checking for new files in /opt/airflow/dags every 300 seconds
[2024-10-03T19:33:57.247+0000] {manager.py:821} INFO - Searching for files in /opt/airflow/dags
[2024-10-03T19:33:57.277+0000] {manager.py:824} INFO - There are 0 files in /opt/airflow/dags
[2024-10-03T19:35:14.089+0000] {manager.py:465} INFO - Exiting gracefully upon receiving signal 15
[2024-10-03T19:37:57.219+0000] {manager.py:483} INFO - Processing files using up to 2 processes at a time 
[2024-10-03T19:37:57.220+0000] {manager.py:484} INFO - Process each file at most once every 30 seconds
[2024-10-03T19:37:57.221+0000] {manager.py:485} INFO - Checking for new files in /opt/airflow/dags every 300 seconds
[2024-10-03T19:37:57.221+0000] {manager.py:821} INFO - Searching for files in /opt/airflow/dags
[2024-10-03T19:37:57.223+0000] {manager.py:824} INFO - There are 0 files in /opt/airflow/dags
[2024-10-03T19:42:57.550+0000] {manager.py:821} INFO - Searching for files in /opt/airflow/dags
[2024-10-03T19:42:57.559+0000] {manager.py:824} INFO - There are 0 files in /opt/airflow/dags
[2024-10-03T19:47:58.030+0000] {manager.py:821} INFO - Searching for files in /opt/airflow/dags
[2024-10-03T19:47:58.037+0000] {manager.py:824} INFO - There are 0 files in /opt/airflow/dags
[2024-10-03T19:52:58.391+0000] {manager.py:821} INFO - Searching for files in /opt/airflow/dags
[2024-10-03T19:52:58.395+0000] {manager.py:824} INFO - There are 0 files in /opt/airflow/dags
