[2024-10-03T20:36:39.890+0000] {processor.py:186} INFO - Started process (PID=96) to work on /opt/airflow/dags/pipeline.py
[2024-10-03T20:36:40.281+0000] {processor.py:914} INFO - Processing file /opt/airflow/dags/pipeline.py for tasks to queue
[2024-10-03T20:36:40.859+0000] {logging_mixin.py:190} INFO - [2024-10-03T20:36:40.777+0000] {dagbag.py:588} INFO - Filling up the DagBag from /opt/airflow/dags/pipeline.py
[2024-10-03T20:38:04.168+0000] {processor.py:186} INFO - Started process (PID=125) to work on /opt/airflow/dags/pipeline.py
[2024-10-03T20:38:04.293+0000] {processor.py:914} INFO - Processing file /opt/airflow/dags/pipeline.py for tasks to queue
[2024-10-03T20:38:04.853+0000] {logging_mixin.py:190} INFO - [2024-10-03T20:38:04.669+0000] {dagbag.py:588} INFO - Filling up the DagBag from /opt/airflow/dags/pipeline.py
[2024-10-03T20:41:14.258+0000] {processor.py:186} INFO - Started process (PID=89) to work on /opt/airflow/dags/pipeline.py
[2024-10-03T20:41:14.264+0000] {processor.py:914} INFO - Processing file /opt/airflow/dags/pipeline.py for tasks to queue
[2024-10-03T20:41:14.277+0000] {logging_mixin.py:190} INFO - [2024-10-03T20:41:14.276+0000] {dagbag.py:588} INFO - Filling up the DagBag from /opt/airflow/dags/pipeline.py
[2024-10-03T20:41:27.086+0000] {logging_mixin.py:190} INFO - [2024-10-03T20:41:27.050+0000] {dagbag.py:387} ERROR - Failed to import: /opt/airflow/dags/pipeline.py
Traceback (most recent call last):
  File "/home/airflow/.local/lib/python3.12/site-packages/airflow/models/dagbag.py", line 383, in parse
    loader.exec_module(new_module)
  File "<frozen importlib._bootstrap_external>", line 995, in exec_module
  File "<frozen importlib._bootstrap>", line 488, in _call_with_frames_removed
  File "/opt/airflow/dags/pipeline.py", line 9, in <module>
    from train_model import construct_features, train_model, evaluate_model
ModuleNotFoundError: No module named 'train_model'
[2024-10-03T20:41:27.090+0000] {processor.py:927} WARNING - No viable dags retrieved from /opt/airflow/dags/pipeline.py
[2024-10-03T20:41:27.260+0000] {processor.py:208} INFO - Processing /opt/airflow/dags/pipeline.py took 13.010 seconds
[2024-10-03T20:43:30.785+0000] {processor.py:186} INFO - Started process (PID=69) to work on /opt/airflow/dags/pipeline.py
[2024-10-03T20:43:30.788+0000] {processor.py:914} INFO - Processing file /opt/airflow/dags/pipeline.py for tasks to queue
[2024-10-03T20:43:30.801+0000] {logging_mixin.py:190} INFO - [2024-10-03T20:43:30.801+0000] {dagbag.py:588} INFO - Filling up the DagBag from /opt/airflow/dags/pipeline.py
[2024-10-03T20:43:34.343+0000] {logging_mixin.py:190} INFO - [2024-10-03T20:43:34.335+0000] {dagbag.py:387} ERROR - Failed to import: /opt/airflow/dags/pipeline.py
Traceback (most recent call last):
  File "/home/airflow/.local/lib/python3.12/site-packages/airflow/models/dagbag.py", line 383, in parse
    loader.exec_module(new_module)
  File "<frozen importlib._bootstrap_external>", line 995, in exec_module
  File "<frozen importlib._bootstrap>", line 488, in _call_with_frames_removed
  File "/opt/airflow/dags/pipeline.py", line 9, in <module>
    from train_model import construct_features, train_model, evaluate_model
ModuleNotFoundError: No module named 'train_model'
[2024-10-03T20:43:34.345+0000] {processor.py:927} WARNING - No viable dags retrieved from /opt/airflow/dags/pipeline.py
[2024-10-03T20:43:34.390+0000] {processor.py:208} INFO - Processing /opt/airflow/dags/pipeline.py took 3.637 seconds
[2024-10-03T20:44:05.029+0000] {processor.py:186} INFO - Started process (PID=98) to work on /opt/airflow/dags/pipeline.py
[2024-10-03T20:44:05.031+0000] {processor.py:914} INFO - Processing file /opt/airflow/dags/pipeline.py for tasks to queue
[2024-10-03T20:44:05.035+0000] {logging_mixin.py:190} INFO - [2024-10-03T20:44:05.034+0000] {dagbag.py:588} INFO - Filling up the DagBag from /opt/airflow/dags/pipeline.py
[2024-10-03T20:44:05.873+0000] {logging_mixin.py:190} INFO - [2024-10-03T20:44:05.870+0000] {dagbag.py:387} ERROR - Failed to import: /opt/airflow/dags/pipeline.py
Traceback (most recent call last):
  File "/home/airflow/.local/lib/python3.12/site-packages/airflow/models/dagbag.py", line 383, in parse
    loader.exec_module(new_module)
  File "<frozen importlib._bootstrap_external>", line 995, in exec_module
  File "<frozen importlib._bootstrap>", line 488, in _call_with_frames_removed
  File "/opt/airflow/dags/pipeline.py", line 9, in <module>
    from train_model import construct_features, train_model, evaluate_model
ModuleNotFoundError: No module named 'train_model'
[2024-10-03T20:44:05.873+0000] {processor.py:927} WARNING - No viable dags retrieved from /opt/airflow/dags/pipeline.py
[2024-10-03T20:44:05.891+0000] {processor.py:208} INFO - Processing /opt/airflow/dags/pipeline.py took 0.872 seconds
[2024-10-03T20:44:36.341+0000] {processor.py:186} INFO - Started process (PID=122) to work on /opt/airflow/dags/pipeline.py
[2024-10-03T20:44:36.342+0000] {processor.py:914} INFO - Processing file /opt/airflow/dags/pipeline.py for tasks to queue
[2024-10-03T20:44:36.346+0000] {logging_mixin.py:190} INFO - [2024-10-03T20:44:36.345+0000] {dagbag.py:588} INFO - Filling up the DagBag from /opt/airflow/dags/pipeline.py
[2024-10-03T20:44:37.248+0000] {logging_mixin.py:190} INFO - [2024-10-03T20:44:37.245+0000] {dagbag.py:387} ERROR - Failed to import: /opt/airflow/dags/pipeline.py
Traceback (most recent call last):
  File "/home/airflow/.local/lib/python3.12/site-packages/airflow/models/dagbag.py", line 383, in parse
    loader.exec_module(new_module)
  File "<frozen importlib._bootstrap_external>", line 995, in exec_module
  File "<frozen importlib._bootstrap>", line 488, in _call_with_frames_removed
  File "/opt/airflow/dags/pipeline.py", line 9, in <module>
    from train_model import construct_features, train_model, evaluate_model
ModuleNotFoundError: No module named 'train_model'
[2024-10-03T20:44:37.250+0000] {processor.py:927} WARNING - No viable dags retrieved from /opt/airflow/dags/pipeline.py
[2024-10-03T20:44:37.272+0000] {processor.py:208} INFO - Processing /opt/airflow/dags/pipeline.py took 0.942 seconds
[2024-10-03T20:45:07.709+0000] {processor.py:186} INFO - Started process (PID=146) to work on /opt/airflow/dags/pipeline.py
[2024-10-03T20:45:07.711+0000] {processor.py:914} INFO - Processing file /opt/airflow/dags/pipeline.py for tasks to queue
[2024-10-03T20:45:07.714+0000] {logging_mixin.py:190} INFO - [2024-10-03T20:45:07.714+0000] {dagbag.py:588} INFO - Filling up the DagBag from /opt/airflow/dags/pipeline.py
[2024-10-03T20:45:08.470+0000] {logging_mixin.py:190} INFO - [2024-10-03T20:45:08.469+0000] {dagbag.py:387} ERROR - Failed to import: /opt/airflow/dags/pipeline.py
Traceback (most recent call last):
  File "/home/airflow/.local/lib/python3.12/site-packages/airflow/models/dagbag.py", line 383, in parse
    loader.exec_module(new_module)
  File "<frozen importlib._bootstrap_external>", line 995, in exec_module
  File "<frozen importlib._bootstrap>", line 488, in _call_with_frames_removed
  File "/opt/airflow/dags/pipeline.py", line 9, in <module>
    from train_model import construct_features, train_model, evaluate_model
ModuleNotFoundError: No module named 'train_model'
[2024-10-03T20:45:08.470+0000] {processor.py:927} WARNING - No viable dags retrieved from /opt/airflow/dags/pipeline.py
[2024-10-03T20:45:08.488+0000] {processor.py:208} INFO - Processing /opt/airflow/dags/pipeline.py took 0.787 seconds
[2024-10-03T20:45:38.820+0000] {processor.py:186} INFO - Started process (PID=170) to work on /opt/airflow/dags/pipeline.py
[2024-10-03T20:45:38.827+0000] {processor.py:914} INFO - Processing file /opt/airflow/dags/pipeline.py for tasks to queue
[2024-10-03T20:45:38.843+0000] {logging_mixin.py:190} INFO - [2024-10-03T20:45:38.842+0000] {dagbag.py:588} INFO - Filling up the DagBag from /opt/airflow/dags/pipeline.py
[2024-10-03T20:45:39.660+0000] {logging_mixin.py:190} INFO - [2024-10-03T20:45:39.653+0000] {dagbag.py:387} ERROR - Failed to import: /opt/airflow/dags/pipeline.py
Traceback (most recent call last):
  File "/home/airflow/.local/lib/python3.12/site-packages/airflow/models/dagbag.py", line 383, in parse
    loader.exec_module(new_module)
  File "<frozen importlib._bootstrap_external>", line 995, in exec_module
  File "<frozen importlib._bootstrap>", line 488, in _call_with_frames_removed
  File "/opt/airflow/dags/pipeline.py", line 9, in <module>
    from train_model import construct_features, train_model, evaluate_model
ModuleNotFoundError: No module named 'train_model'
[2024-10-03T20:45:39.663+0000] {processor.py:927} WARNING - No viable dags retrieved from /opt/airflow/dags/pipeline.py
[2024-10-03T20:45:39.681+0000] {processor.py:208} INFO - Processing /opt/airflow/dags/pipeline.py took 0.878 seconds
[2024-10-03T20:45:43.781+0000] {processor.py:186} INFO - Started process (PID=188) to work on /opt/airflow/dags/pipeline.py
[2024-10-03T20:45:43.783+0000] {processor.py:914} INFO - Processing file /opt/airflow/dags/pipeline.py for tasks to queue
[2024-10-03T20:45:43.787+0000] {logging_mixin.py:190} INFO - [2024-10-03T20:45:43.786+0000] {dagbag.py:588} INFO - Filling up the DagBag from /opt/airflow/dags/pipeline.py
[2024-10-03T20:45:44.547+0000] {logging_mixin.py:190} INFO - [2024-10-03T20:45:44.546+0000] {dagbag.py:387} ERROR - Failed to import: /opt/airflow/dags/pipeline.py
Traceback (most recent call last):
  File "/home/airflow/.local/lib/python3.12/site-packages/airflow/models/dagbag.py", line 383, in parse
    loader.exec_module(new_module)
  File "<frozen importlib._bootstrap_external>", line 995, in exec_module
  File "<frozen importlib._bootstrap>", line 488, in _call_with_frames_removed
  File "/opt/airflow/dags/pipeline.py", line 9, in <module>
    from train_model import construct_features, train_model, evaluate_model
ModuleNotFoundError: No module named 'train_model'
[2024-10-03T20:45:44.548+0000] {processor.py:927} WARNING - No viable dags retrieved from /opt/airflow/dags/pipeline.py
[2024-10-03T20:45:44.560+0000] {processor.py:208} INFO - Processing /opt/airflow/dags/pipeline.py took 0.790 seconds
[2024-10-03T20:45:50.697+0000] {processor.py:186} INFO - Started process (PID=197) to work on /opt/airflow/dags/pipeline.py
[2024-10-03T20:45:50.699+0000] {processor.py:914} INFO - Processing file /opt/airflow/dags/pipeline.py for tasks to queue
[2024-10-03T20:45:50.720+0000] {logging_mixin.py:190} INFO - [2024-10-03T20:45:50.719+0000] {dagbag.py:588} INFO - Filling up the DagBag from /opt/airflow/dags/pipeline.py
[2024-10-03T20:45:51.682+0000] {logging_mixin.py:190} INFO - [2024-10-03T20:45:51.680+0000] {dagbag.py:387} ERROR - Failed to import: /opt/airflow/dags/pipeline.py
Traceback (most recent call last):
  File "/home/airflow/.local/lib/python3.12/site-packages/airflow/models/dagbag.py", line 383, in parse
    loader.exec_module(new_module)
  File "<frozen importlib._bootstrap_external>", line 995, in exec_module
  File "<frozen importlib._bootstrap>", line 488, in _call_with_frames_removed
  File "/opt/airflow/dags/pipeline.py", line 9, in <module>
    from train_model import construct_features, train_model, evaluate_model
ModuleNotFoundError: No module named 'train_model'
[2024-10-03T20:45:51.683+0000] {processor.py:927} WARNING - No viable dags retrieved from /opt/airflow/dags/pipeline.py
[2024-10-03T20:45:51.706+0000] {processor.py:208} INFO - Processing /opt/airflow/dags/pipeline.py took 1.035 seconds
[2024-10-03T20:46:21.906+0000] {processor.py:186} INFO - Started process (PID=221) to work on /opt/airflow/dags/pipeline.py
[2024-10-03T20:46:21.909+0000] {processor.py:914} INFO - Processing file /opt/airflow/dags/pipeline.py for tasks to queue
[2024-10-03T20:46:21.917+0000] {logging_mixin.py:190} INFO - [2024-10-03T20:46:21.916+0000] {dagbag.py:588} INFO - Filling up the DagBag from /opt/airflow/dags/pipeline.py
[2024-10-03T20:46:22.999+0000] {logging_mixin.py:190} INFO - [2024-10-03T20:46:22.996+0000] {dagbag.py:387} ERROR - Failed to import: /opt/airflow/dags/pipeline.py
Traceback (most recent call last):
  File "/home/airflow/.local/lib/python3.12/site-packages/airflow/models/dagbag.py", line 383, in parse
    loader.exec_module(new_module)
  File "<frozen importlib._bootstrap_external>", line 995, in exec_module
  File "<frozen importlib._bootstrap>", line 488, in _call_with_frames_removed
  File "/opt/airflow/dags/pipeline.py", line 9, in <module>
    from train_model import construct_features, train_model, evaluate_model
ModuleNotFoundError: No module named 'train_model'
[2024-10-03T20:46:23.000+0000] {processor.py:927} WARNING - No viable dags retrieved from /opt/airflow/dags/pipeline.py
[2024-10-03T20:46:23.010+0000] {processor.py:208} INFO - Processing /opt/airflow/dags/pipeline.py took 1.126 seconds
[2024-10-03T20:46:43.150+0000] {processor.py:186} INFO - Started process (PID=245) to work on /opt/airflow/dags/pipeline.py
[2024-10-03T20:46:43.153+0000] {processor.py:914} INFO - Processing file /opt/airflow/dags/pipeline.py for tasks to queue
[2024-10-03T20:46:43.156+0000] {logging_mixin.py:190} INFO - [2024-10-03T20:46:43.156+0000] {dagbag.py:588} INFO - Filling up the DagBag from /opt/airflow/dags/pipeline.py
[2024-10-03T20:46:43.937+0000] {logging_mixin.py:190} INFO - [2024-10-03T20:46:43.936+0000] {dagbag.py:387} ERROR - Failed to import: /opt/airflow/dags/pipeline.py
Traceback (most recent call last):
  File "/home/airflow/.local/lib/python3.12/site-packages/airflow/models/dagbag.py", line 383, in parse
    loader.exec_module(new_module)
  File "<frozen importlib._bootstrap_external>", line 995, in exec_module
  File "<frozen importlib._bootstrap>", line 488, in _call_with_frames_removed
  File "/opt/airflow/dags/pipeline.py", line 9, in <module>
    from train_model import construct_features, train_model, evaluate_model
ModuleNotFoundError: No module named 'train_model'
[2024-10-03T20:46:43.938+0000] {processor.py:927} WARNING - No viable dags retrieved from /opt/airflow/dags/pipeline.py
[2024-10-03T20:46:43.947+0000] {processor.py:208} INFO - Processing /opt/airflow/dags/pipeline.py took 0.804 seconds
[2024-10-03T20:46:44.990+0000] {processor.py:186} INFO - Started process (PID=254) to work on /opt/airflow/dags/pipeline.py
[2024-10-03T20:46:44.991+0000] {processor.py:914} INFO - Processing file /opt/airflow/dags/pipeline.py for tasks to queue
[2024-10-03T20:46:44.994+0000] {logging_mixin.py:190} INFO - [2024-10-03T20:46:44.994+0000] {dagbag.py:588} INFO - Filling up the DagBag from /opt/airflow/dags/pipeline.py
[2024-10-03T20:46:45.899+0000] {logging_mixin.py:190} INFO - [2024-10-03T20:46:45.897+0000] {dagbag.py:387} ERROR - Failed to import: /opt/airflow/dags/pipeline.py
Traceback (most recent call last):
  File "/home/airflow/.local/lib/python3.12/site-packages/airflow/models/dagbag.py", line 383, in parse
    loader.exec_module(new_module)
  File "<frozen importlib._bootstrap_external>", line 995, in exec_module
  File "<frozen importlib._bootstrap>", line 488, in _call_with_frames_removed
  File "/opt/airflow/dags/pipeline.py", line 9, in <module>
    from train_model import construct_features, train_model, evaluate_model
ModuleNotFoundError: No module named 'train_model'
[2024-10-03T20:46:45.900+0000] {processor.py:927} WARNING - No viable dags retrieved from /opt/airflow/dags/pipeline.py
[2024-10-03T20:46:45.948+0000] {processor.py:208} INFO - Processing /opt/airflow/dags/pipeline.py took 0.967 seconds
[2024-10-03T20:47:00.363+0000] {processor.py:186} INFO - Started process (PID=272) to work on /opt/airflow/dags/pipeline.py
[2024-10-03T20:47:00.364+0000] {processor.py:914} INFO - Processing file /opt/airflow/dags/pipeline.py for tasks to queue
[2024-10-03T20:47:00.367+0000] {logging_mixin.py:190} INFO - [2024-10-03T20:47:00.366+0000] {dagbag.py:588} INFO - Filling up the DagBag from /opt/airflow/dags/pipeline.py
[2024-10-03T20:47:00.865+0000] {logging_mixin.py:190} INFO - [2024-10-03T20:47:00.864+0000] {dagbag.py:387} ERROR - Failed to import: /opt/airflow/dags/pipeline.py
Traceback (most recent call last):
  File "/home/airflow/.local/lib/python3.12/site-packages/airflow/models/dagbag.py", line 383, in parse
    loader.exec_module(new_module)
  File "<frozen importlib._bootstrap_external>", line 995, in exec_module
  File "<frozen importlib._bootstrap>", line 488, in _call_with_frames_removed
  File "/opt/airflow/dags/pipeline.py", line 9, in <module>
    from train_model import construct_features, train_model, evaluate_model
ModuleNotFoundError: No module named 'train_model'
[2024-10-03T20:47:00.865+0000] {processor.py:927} WARNING - No viable dags retrieved from /opt/airflow/dags/pipeline.py
[2024-10-03T20:47:00.873+0000] {processor.py:208} INFO - Processing /opt/airflow/dags/pipeline.py took 0.518 seconds
[2024-10-03T20:47:02.921+0000] {processor.py:186} INFO - Started process (PID=287) to work on /opt/airflow/dags/pipeline.py
[2024-10-03T20:47:02.923+0000] {processor.py:914} INFO - Processing file /opt/airflow/dags/pipeline.py for tasks to queue
[2024-10-03T20:47:02.930+0000] {logging_mixin.py:190} INFO - [2024-10-03T20:47:02.929+0000] {dagbag.py:588} INFO - Filling up the DagBag from /opt/airflow/dags/pipeline.py
[2024-10-03T20:47:03.865+0000] {logging_mixin.py:190} INFO - [2024-10-03T20:47:03.862+0000] {dagbag.py:387} ERROR - Failed to import: /opt/airflow/dags/pipeline.py
Traceback (most recent call last):
  File "/home/airflow/.local/lib/python3.12/site-packages/airflow/models/dagbag.py", line 383, in parse
    loader.exec_module(new_module)
  File "<frozen importlib._bootstrap_external>", line 995, in exec_module
  File "<frozen importlib._bootstrap>", line 488, in _call_with_frames_removed
  File "/opt/airflow/dags/pipeline.py", line 9, in <module>
    from train_model import construct_features, train_model, evaluate_model
ModuleNotFoundError: No module named 'train_model'
[2024-10-03T20:47:03.866+0000] {processor.py:927} WARNING - No viable dags retrieved from /opt/airflow/dags/pipeline.py
[2024-10-03T20:47:03.939+0000] {processor.py:208} INFO - Processing /opt/airflow/dags/pipeline.py took 1.027 seconds
[2024-10-03T20:47:15.147+0000] {processor.py:186} INFO - Started process (PID=296) to work on /opt/airflow/dags/pipeline.py
[2024-10-03T20:47:15.155+0000] {processor.py:914} INFO - Processing file /opt/airflow/dags/pipeline.py for tasks to queue
[2024-10-03T20:47:15.166+0000] {logging_mixin.py:190} INFO - [2024-10-03T20:47:15.165+0000] {dagbag.py:588} INFO - Filling up the DagBag from /opt/airflow/dags/pipeline.py
[2024-10-03T20:47:15.171+0000] {logging_mixin.py:190} INFO - [2024-10-03T20:47:15.170+0000] {dagbag.py:387} ERROR - Failed to import: /opt/airflow/dags/pipeline.py
Traceback (most recent call last):
  File "/home/airflow/.local/lib/python3.12/site-packages/airflow/models/dagbag.py", line 383, in parse
    loader.exec_module(new_module)
  File "<frozen importlib._bootstrap_external>", line 991, in exec_module
  File "<frozen importlib._bootstrap_external>", line 1129, in get_code
  File "<frozen importlib._bootstrap_external>", line 1059, in source_to_code
  File "<frozen importlib._bootstrap>", line 488, in _call_with_frames_removed
  File "/opt/airflow/dags/pipeline.py", line 15
    sys.path.insert(0, /code/models")
                                   ^
SyntaxError: unterminated string literal (detected at line 15)
[2024-10-03T20:47:15.171+0000] {processor.py:927} WARNING - No viable dags retrieved from /opt/airflow/dags/pipeline.py
[2024-10-03T20:47:15.189+0000] {processor.py:208} INFO - Processing /opt/airflow/dags/pipeline.py took 0.050 seconds
[2024-10-03T20:47:18.177+0000] {processor.py:186} INFO - Started process (PID=297) to work on /opt/airflow/dags/pipeline.py
[2024-10-03T20:47:18.178+0000] {processor.py:914} INFO - Processing file /opt/airflow/dags/pipeline.py for tasks to queue
[2024-10-03T20:47:18.181+0000] {logging_mixin.py:190} INFO - [2024-10-03T20:47:18.180+0000] {dagbag.py:588} INFO - Filling up the DagBag from /opt/airflow/dags/pipeline.py
[2024-10-03T20:47:18.982+0000] {logging_mixin.py:190} INFO - [2024-10-03T20:47:18.980+0000] {dagbag.py:387} ERROR - Failed to import: /opt/airflow/dags/pipeline.py
Traceback (most recent call last):
  File "/home/airflow/.local/lib/python3.12/site-packages/airflow/models/dagbag.py", line 383, in parse
    loader.exec_module(new_module)
  File "<frozen importlib._bootstrap_external>", line 995, in exec_module
  File "<frozen importlib._bootstrap>", line 488, in _call_with_frames_removed
  File "/opt/airflow/dags/pipeline.py", line 9, in <module>
    from train_model import construct_features, train_model, evaluate_model
ModuleNotFoundError: No module named 'train_model'
[2024-10-03T20:47:18.982+0000] {processor.py:927} WARNING - No viable dags retrieved from /opt/airflow/dags/pipeline.py
[2024-10-03T20:47:18.995+0000] {processor.py:208} INFO - Processing /opt/airflow/dags/pipeline.py took 0.826 seconds
[2024-10-03T20:47:36.173+0000] {processor.py:186} INFO - Started process (PID=321) to work on /opt/airflow/dags/pipeline.py
[2024-10-03T20:47:36.175+0000] {processor.py:914} INFO - Processing file /opt/airflow/dags/pipeline.py for tasks to queue
[2024-10-03T20:47:36.180+0000] {logging_mixin.py:190} INFO - [2024-10-03T20:47:36.179+0000] {dagbag.py:588} INFO - Filling up the DagBag from /opt/airflow/dags/pipeline.py
[2024-10-03T20:47:37.097+0000] {logging_mixin.py:190} INFO - [2024-10-03T20:47:37.094+0000] {dagbag.py:387} ERROR - Failed to import: /opt/airflow/dags/pipeline.py
Traceback (most recent call last):
  File "/home/airflow/.local/lib/python3.12/site-packages/airflow/models/dagbag.py", line 383, in parse
    loader.exec_module(new_module)
  File "<frozen importlib._bootstrap_external>", line 995, in exec_module
  File "<frozen importlib._bootstrap>", line 488, in _call_with_frames_removed
  File "/opt/airflow/dags/pipeline.py", line 15, in <module>
    from train_model import main
ModuleNotFoundError: No module named 'train_model'
[2024-10-03T20:47:37.098+0000] {processor.py:927} WARNING - No viable dags retrieved from /opt/airflow/dags/pipeline.py
[2024-10-03T20:47:37.109+0000] {processor.py:208} INFO - Processing /opt/airflow/dags/pipeline.py took 0.958 seconds
[2024-10-03T20:47:42.243+0000] {processor.py:186} INFO - Started process (PID=330) to work on /opt/airflow/dags/pipeline.py
[2024-10-03T20:47:42.248+0000] {processor.py:914} INFO - Processing file /opt/airflow/dags/pipeline.py for tasks to queue
[2024-10-03T20:47:42.255+0000] {logging_mixin.py:190} INFO - [2024-10-03T20:47:42.254+0000] {dagbag.py:588} INFO - Filling up the DagBag from /opt/airflow/dags/pipeline.py
[2024-10-03T20:47:43.019+0000] {logging_mixin.py:190} INFO - [2024-10-03T20:47:43.017+0000] {dagbag.py:387} ERROR - Failed to import: /opt/airflow/dags/pipeline.py
Traceback (most recent call last):
  File "/home/airflow/.local/lib/python3.12/site-packages/airflow/models/dagbag.py", line 383, in parse
    loader.exec_module(new_module)
  File "<frozen importlib._bootstrap_external>", line 995, in exec_module
  File "<frozen importlib._bootstrap>", line 488, in _call_with_frames_removed
  File "/opt/airflow/dags/pipeline.py", line 15, in <module>
    from train_model import main
ModuleNotFoundError: No module named 'train_model'
[2024-10-03T20:47:43.019+0000] {processor.py:927} WARNING - No viable dags retrieved from /opt/airflow/dags/pipeline.py
[2024-10-03T20:47:43.031+0000] {processor.py:208} INFO - Processing /opt/airflow/dags/pipeline.py took 0.808 seconds
[2024-10-03T20:47:53.590+0000] {processor.py:186} INFO - Started process (PID=339) to work on /opt/airflow/dags/pipeline.py
[2024-10-03T20:47:53.591+0000] {processor.py:914} INFO - Processing file /opt/airflow/dags/pipeline.py for tasks to queue
[2024-10-03T20:47:53.598+0000] {logging_mixin.py:190} INFO - [2024-10-03T20:47:53.596+0000] {dagbag.py:588} INFO - Filling up the DagBag from /opt/airflow/dags/pipeline.py
[2024-10-03T20:47:54.376+0000] {logging_mixin.py:190} INFO - [2024-10-03T20:47:54.375+0000] {dagbag.py:387} ERROR - Failed to import: /opt/airflow/dags/pipeline.py
Traceback (most recent call last):
  File "/home/airflow/.local/lib/python3.12/site-packages/airflow/models/dagbag.py", line 383, in parse
    loader.exec_module(new_module)
  File "<frozen importlib._bootstrap_external>", line 995, in exec_module
  File "<frozen importlib._bootstrap>", line 488, in _call_with_frames_removed
  File "/opt/airflow/dags/pipeline.py", line 15, in <module>
    from train_models import main
ModuleNotFoundError: No module named 'train_models'
[2024-10-03T20:47:54.376+0000] {processor.py:927} WARNING - No viable dags retrieved from /opt/airflow/dags/pipeline.py
[2024-10-03T20:47:54.388+0000] {processor.py:208} INFO - Processing /opt/airflow/dags/pipeline.py took 0.805 seconds
[2024-10-03T20:47:59.025+0000] {processor.py:186} INFO - Started process (PID=348) to work on /opt/airflow/dags/pipeline.py
[2024-10-03T20:47:59.026+0000] {processor.py:914} INFO - Processing file /opt/airflow/dags/pipeline.py for tasks to queue
[2024-10-03T20:47:59.031+0000] {logging_mixin.py:190} INFO - [2024-10-03T20:47:59.030+0000] {dagbag.py:588} INFO - Filling up the DagBag from /opt/airflow/dags/pipeline.py
[2024-10-03T20:47:59.802+0000] {logging_mixin.py:190} INFO - [2024-10-03T20:47:59.800+0000] {dagbag.py:387} ERROR - Failed to import: /opt/airflow/dags/pipeline.py
Traceback (most recent call last):
  File "/home/airflow/.local/lib/python3.12/site-packages/airflow/models/dagbag.py", line 383, in parse
    loader.exec_module(new_module)
  File "<frozen importlib._bootstrap_external>", line 995, in exec_module
  File "<frozen importlib._bootstrap>", line 488, in _call_with_frames_removed
  File "/opt/airflow/dags/pipeline.py", line 15, in <module>
    from train_model import main
ModuleNotFoundError: No module named 'train_model'
[2024-10-03T20:47:59.802+0000] {processor.py:927} WARNING - No viable dags retrieved from /opt/airflow/dags/pipeline.py
[2024-10-03T20:47:59.832+0000] {processor.py:208} INFO - Processing /opt/airflow/dags/pipeline.py took 0.827 seconds
[2024-10-03T20:48:03.974+0000] {processor.py:186} INFO - Started process (PID=372) to work on /opt/airflow/dags/pipeline.py
[2024-10-03T20:48:03.976+0000] {processor.py:914} INFO - Processing file /opt/airflow/dags/pipeline.py for tasks to queue
[2024-10-03T20:48:03.982+0000] {logging_mixin.py:190} INFO - [2024-10-03T20:48:03.981+0000] {dagbag.py:588} INFO - Filling up the DagBag from /opt/airflow/dags/pipeline.py
[2024-10-03T20:48:04.880+0000] {logging_mixin.py:190} INFO - [2024-10-03T20:48:04.878+0000] {dagbag.py:387} ERROR - Failed to import: /opt/airflow/dags/pipeline.py
Traceback (most recent call last):
  File "/home/airflow/.local/lib/python3.12/site-packages/airflow/models/dagbag.py", line 383, in parse
    loader.exec_module(new_module)
  File "<frozen importlib._bootstrap_external>", line 995, in exec_module
  File "<frozen importlib._bootstrap>", line 488, in _call_with_frames_removed
  File "/opt/airflow/dags/pipeline.py", line 15, in <module>
    from train_model import main
ModuleNotFoundError: No module named 'train_model'
[2024-10-03T20:48:04.880+0000] {processor.py:927} WARNING - No viable dags retrieved from /opt/airflow/dags/pipeline.py
[2024-10-03T20:48:04.893+0000] {processor.py:208} INFO - Processing /opt/airflow/dags/pipeline.py took 0.946 seconds
[2024-10-03T20:48:06.967+0000] {processor.py:186} INFO - Started process (PID=381) to work on /opt/airflow/dags/pipeline.py
[2024-10-03T20:48:06.970+0000] {processor.py:914} INFO - Processing file /opt/airflow/dags/pipeline.py for tasks to queue
[2024-10-03T20:48:06.975+0000] {logging_mixin.py:190} INFO - [2024-10-03T20:48:06.975+0000] {dagbag.py:588} INFO - Filling up the DagBag from /opt/airflow/dags/pipeline.py
[2024-10-03T20:48:07.949+0000] {logging_mixin.py:190} INFO - [2024-10-03T20:48:07.947+0000] {dagbag.py:387} ERROR - Failed to import: /opt/airflow/dags/pipeline.py
Traceback (most recent call last):
  File "/home/airflow/.local/lib/python3.12/site-packages/airflow/models/dagbag.py", line 383, in parse
    loader.exec_module(new_module)
  File "<frozen importlib._bootstrap_external>", line 995, in exec_module
  File "<frozen importlib._bootstrap>", line 488, in _call_with_frames_removed
  File "/opt/airflow/dags/pipeline.py", line 15, in <module>
    from models.train_model import main
ModuleNotFoundError: No module named 'models'
[2024-10-03T20:48:07.950+0000] {processor.py:927} WARNING - No viable dags retrieved from /opt/airflow/dags/pipeline.py
[2024-10-03T20:48:07.993+0000] {processor.py:208} INFO - Processing /opt/airflow/dags/pipeline.py took 1.036 seconds
[2024-10-03T20:48:14.110+0000] {processor.py:186} INFO - Started process (PID=390) to work on /opt/airflow/dags/pipeline.py
[2024-10-03T20:48:14.115+0000] {processor.py:914} INFO - Processing file /opt/airflow/dags/pipeline.py for tasks to queue
[2024-10-03T20:48:14.122+0000] {logging_mixin.py:190} INFO - [2024-10-03T20:48:14.121+0000] {dagbag.py:588} INFO - Filling up the DagBag from /opt/airflow/dags/pipeline.py
[2024-10-03T20:48:15.039+0000] {logging_mixin.py:190} INFO - [2024-10-03T20:48:15.038+0000] {dagbag.py:387} ERROR - Failed to import: /opt/airflow/dags/pipeline.py
Traceback (most recent call last):
  File "/home/airflow/.local/lib/python3.12/site-packages/airflow/models/dagbag.py", line 383, in parse
    loader.exec_module(new_module)
  File "<frozen importlib._bootstrap_external>", line 995, in exec_module
  File "<frozen importlib._bootstrap>", line 488, in _call_with_frames_removed
  File "/opt/airflow/dags/pipeline.py", line 15, in <module>
    from train_model import main
ModuleNotFoundError: No module named 'train_model'
[2024-10-03T20:48:15.039+0000] {processor.py:927} WARNING - No viable dags retrieved from /opt/airflow/dags/pipeline.py
[2024-10-03T20:48:15.049+0000] {processor.py:208} INFO - Processing /opt/airflow/dags/pipeline.py took 0.960 seconds
[2024-10-03T20:48:19.122+0000] {processor.py:186} INFO - Started process (PID=399) to work on /opt/airflow/dags/pipeline.py
[2024-10-03T20:48:19.123+0000] {processor.py:914} INFO - Processing file /opt/airflow/dags/pipeline.py for tasks to queue
[2024-10-03T20:48:19.127+0000] {logging_mixin.py:190} INFO - [2024-10-03T20:48:19.127+0000] {dagbag.py:588} INFO - Filling up the DagBag from /opt/airflow/dags/pipeline.py
[2024-10-03T20:48:20.085+0000] {logging_mixin.py:190} INFO - [2024-10-03T20:48:20.084+0000] {dagbag.py:387} ERROR - Failed to import: /opt/airflow/dags/pipeline.py
Traceback (most recent call last):
  File "/home/airflow/.local/lib/python3.12/site-packages/airflow/models/dagbag.py", line 383, in parse
    loader.exec_module(new_module)
  File "<frozen importlib._bootstrap_external>", line 995, in exec_module
  File "<frozen importlib._bootstrap>", line 488, in _call_with_frames_removed
  File "/opt/airflow/dags/pipeline.py", line 15, in <module>
    from train_model import main
ModuleNotFoundError: No module named 'train_model'
[2024-10-03T20:48:20.086+0000] {processor.py:927} WARNING - No viable dags retrieved from /opt/airflow/dags/pipeline.py
[2024-10-03T20:48:20.104+0000] {processor.py:208} INFO - Processing /opt/airflow/dags/pipeline.py took 0.992 seconds
[2024-10-03T20:48:23.215+0000] {processor.py:186} INFO - Started process (PID=408) to work on /opt/airflow/dags/pipeline.py
[2024-10-03T20:48:23.217+0000] {processor.py:914} INFO - Processing file /opt/airflow/dags/pipeline.py for tasks to queue
[2024-10-03T20:48:23.224+0000] {logging_mixin.py:190} INFO - [2024-10-03T20:48:23.221+0000] {dagbag.py:588} INFO - Filling up the DagBag from /opt/airflow/dags/pipeline.py
[2024-10-03T20:48:23.248+0000] {logging_mixin.py:190} INFO - [2024-10-03T20:48:23.236+0000] {dagbag.py:387} ERROR - Failed to import: /opt/airflow/dags/pipeline.py
Traceback (most recent call last):
  File "/home/airflow/.local/lib/python3.12/site-packages/airflow/models/dagbag.py", line 383, in parse
    loader.exec_module(new_module)
  File "<frozen importlib._bootstrap_external>", line 991, in exec_module
  File "<frozen importlib._bootstrap_external>", line 1129, in get_code
  File "<frozen importlib._bootstrap_external>", line 1059, in source_to_code
  File "<frozen importlib._bootstrap>", line 488, in _call_with_frames_removed
  File "/opt/airflow/dags/pipeline.py", line 14
    sys.path.insert(0, f"{}/code/models")
                          ^
SyntaxError: f-string: valid expression required before '}'
[2024-10-03T20:48:23.249+0000] {processor.py:927} WARNING - No viable dags retrieved from /opt/airflow/dags/pipeline.py
[2024-10-03T20:48:23.269+0000] {processor.py:208} INFO - Processing /opt/airflow/dags/pipeline.py took 0.066 seconds
[2024-10-03T20:48:24.242+0000] {processor.py:186} INFO - Started process (PID=409) to work on /opt/airflow/dags/pipeline.py
[2024-10-03T20:48:24.244+0000] {processor.py:914} INFO - Processing file /opt/airflow/dags/pipeline.py for tasks to queue
[2024-10-03T20:48:24.246+0000] {logging_mixin.py:190} INFO - [2024-10-03T20:48:24.245+0000] {dagbag.py:588} INFO - Filling up the DagBag from /opt/airflow/dags/pipeline.py
[2024-10-03T20:48:25.170+0000] {logging_mixin.py:190} INFO - [2024-10-03T20:48:25.169+0000] {dagbag.py:387} ERROR - Failed to import: /opt/airflow/dags/pipeline.py
Traceback (most recent call last):
  File "/home/airflow/.local/lib/python3.12/site-packages/airflow/models/dagbag.py", line 383, in parse
    loader.exec_module(new_module)
  File "<frozen importlib._bootstrap_external>", line 995, in exec_module
  File "<frozen importlib._bootstrap>", line 488, in _call_with_frames_removed
  File "/opt/airflow/dags/pipeline.py", line 15, in <module>
    from train_model import main
ModuleNotFoundError: No module named 'train_model'
[2024-10-03T20:48:25.170+0000] {processor.py:927} WARNING - No viable dags retrieved from /opt/airflow/dags/pipeline.py
[2024-10-03T20:48:25.181+0000] {processor.py:208} INFO - Processing /opt/airflow/dags/pipeline.py took 0.962 seconds
[2024-10-03T20:48:26.238+0000] {processor.py:186} INFO - Started process (PID=418) to work on /opt/airflow/dags/pipeline.py
[2024-10-03T20:48:26.239+0000] {processor.py:914} INFO - Processing file /opt/airflow/dags/pipeline.py for tasks to queue
[2024-10-03T20:48:26.242+0000] {logging_mixin.py:190} INFO - [2024-10-03T20:48:26.242+0000] {dagbag.py:588} INFO - Filling up the DagBag from /opt/airflow/dags/pipeline.py
[2024-10-03T20:48:26.247+0000] {logging_mixin.py:190} INFO - [2024-10-03T20:48:26.246+0000] {dagbag.py:387} ERROR - Failed to import: /opt/airflow/dags/pipeline.py
Traceback (most recent call last):
  File "/home/airflow/.local/lib/python3.12/site-packages/airflow/models/dagbag.py", line 383, in parse
    loader.exec_module(new_module)
  File "<frozen importlib._bootstrap_external>", line 991, in exec_module
  File "<frozen importlib._bootstrap_external>", line 1129, in get_code
  File "<frozen importlib._bootstrap_external>", line 1059, in source_to_code
  File "<frozen importlib._bootstrap>", line 488, in _call_with_frames_removed
  File "/opt/airflow/dags/pipeline.py", line 14
    sys.path.insert(0, f"{PROJECTPATH'}/code/models")
                                     ^
SyntaxError: unterminated string literal (detected at line 14)
[2024-10-03T20:48:26.248+0000] {processor.py:927} WARNING - No viable dags retrieved from /opt/airflow/dags/pipeline.py
[2024-10-03T20:48:26.270+0000] {processor.py:208} INFO - Processing /opt/airflow/dags/pipeline.py took 0.052 seconds
[2024-10-03T20:48:31.323+0000] {processor.py:186} INFO - Started process (PID=419) to work on /opt/airflow/dags/pipeline.py
[2024-10-03T20:48:31.326+0000] {processor.py:914} INFO - Processing file /opt/airflow/dags/pipeline.py for tasks to queue
[2024-10-03T20:48:31.332+0000] {logging_mixin.py:190} INFO - [2024-10-03T20:48:31.332+0000] {dagbag.py:588} INFO - Filling up the DagBag from /opt/airflow/dags/pipeline.py
[2024-10-03T20:48:33.409+0000] {processor.py:925} INFO - DAG(s) 'data_preparation', 'pipeline' retrieved from /opt/airflow/dags/pipeline.py
[2024-10-03T20:48:33.591+0000] {logging_mixin.py:190} INFO - [2024-10-03T20:48:33.591+0000] {override.py:1900} INFO - Created Permission View: can read on DAG:pipeline
[2024-10-03T20:48:33.594+0000] {logging_mixin.py:190} INFO - [2024-10-03T20:48:33.594+0000] {override.py:1900} INFO - Created Permission View: can edit on DAG:pipeline
[2024-10-03T20:48:33.596+0000] {logging_mixin.py:190} INFO - [2024-10-03T20:48:33.596+0000] {override.py:1900} INFO - Created Permission View: can delete on DAG:pipeline
[2024-10-03T20:48:33.598+0000] {logging_mixin.py:190} INFO - [2024-10-03T20:48:33.598+0000] {override.py:1900} INFO - Created Permission View: can create on DAG Run:pipeline
[2024-10-03T20:48:33.600+0000] {logging_mixin.py:190} INFO - [2024-10-03T20:48:33.600+0000] {override.py:1900} INFO - Created Permission View: can read on DAG Run:pipeline
[2024-10-03T20:48:33.602+0000] {logging_mixin.py:190} INFO - [2024-10-03T20:48:33.601+0000] {override.py:1900} INFO - Created Permission View: menu access on DAG Run:pipeline
[2024-10-03T20:48:33.604+0000] {logging_mixin.py:190} INFO - [2024-10-03T20:48:33.604+0000] {override.py:1900} INFO - Created Permission View: can delete on DAG Run:pipeline
[2024-10-03T20:48:33.604+0000] {logging_mixin.py:190} INFO - [2024-10-03T20:48:33.604+0000] {dag.py:3239} INFO - Sync 2 DAGs
[2024-10-03T20:48:34.043+0000] {logging_mixin.py:190} INFO - [2024-10-03T20:48:34.042+0000] {dag.py:3262} INFO - Creating ORM DAG for pipeline
[2024-10-03T20:48:34.052+0000] {logging_mixin.py:190} INFO - [2024-10-03T20:48:34.051+0000] {dag.py:4180} INFO - Setting next_dagrun for data_preparation to 2024-10-03 20:45:00+00:00, run_after=2024-10-03 20:50:00+00:00
[2024-10-03T20:48:34.054+0000] {logging_mixin.py:190} INFO - [2024-10-03T20:48:34.054+0000] {dag.py:4180} INFO - Setting next_dagrun for pipeline to 2024-10-03 20:40:00+00:00, run_after=2024-10-03 20:45:00+00:00
[2024-10-03T20:48:34.064+0000] {processor.py:208} INFO - Processing /opt/airflow/dags/pipeline.py took 2.762 seconds
[2024-10-03T20:48:48.137+0000] {processor.py:186} INFO - Started process (PID=443) to work on /opt/airflow/dags/pipeline.py
[2024-10-03T20:48:48.139+0000] {processor.py:914} INFO - Processing file /opt/airflow/dags/pipeline.py for tasks to queue
[2024-10-03T20:48:48.146+0000] {logging_mixin.py:190} INFO - [2024-10-03T20:48:48.143+0000] {dagbag.py:588} INFO - Filling up the DagBag from /opt/airflow/dags/pipeline.py
[2024-10-03T20:48:48.158+0000] {logging_mixin.py:190} INFO - [2024-10-03T20:48:48.156+0000] {dagbag.py:387} ERROR - Failed to import: /opt/airflow/dags/pipeline.py
Traceback (most recent call last):
  File "/home/airflow/.local/lib/python3.12/site-packages/airflow/models/dagbag.py", line 383, in parse
    loader.exec_module(new_module)
  File "<frozen importlib._bootstrap_external>", line 991, in exec_module
  File "<frozen importlib._bootstrap_external>", line 1129, in get_code
  File "<frozen importlib._bootstrap_external>", line 1059, in source_to_code
  File "<frozen importlib._bootstrap>", line 488, in _call_with_frames_removed
  File "/opt/airflow/dags/pipeline.py", line 14
    sys.path.insert(0, BASE_PATH}/code/models")
                                ^
SyntaxError: closing parenthesis '}' does not match opening parenthesis '('
[2024-10-03T20:48:48.159+0000] {processor.py:927} WARNING - No viable dags retrieved from /opt/airflow/dags/pipeline.py
[2024-10-03T20:48:48.185+0000] {processor.py:208} INFO - Processing /opt/airflow/dags/pipeline.py took 0.060 seconds
[2024-10-03T20:48:50.154+0000] {processor.py:186} INFO - Started process (PID=444) to work on /opt/airflow/dags/pipeline.py
[2024-10-03T20:48:50.154+0000] {processor.py:914} INFO - Processing file /opt/airflow/dags/pipeline.py for tasks to queue
[2024-10-03T20:48:50.156+0000] {logging_mixin.py:190} INFO - [2024-10-03T20:48:50.156+0000] {dagbag.py:588} INFO - Filling up the DagBag from /opt/airflow/dags/pipeline.py
[2024-10-03T20:48:51.746+0000] {processor.py:925} INFO - DAG(s) 'data_preparation', 'pipeline' retrieved from /opt/airflow/dags/pipeline.py
[2024-10-03T20:48:51.758+0000] {logging_mixin.py:190} INFO - [2024-10-03T20:48:51.758+0000] {dag.py:3239} INFO - Sync 2 DAGs
[2024-10-03T20:48:52.289+0000] {logging_mixin.py:190} INFO - [2024-10-03T20:48:52.288+0000] {dag.py:4180} INFO - Setting next_dagrun for data_preparation to 2024-10-03 20:45:00+00:00, run_after=2024-10-03 20:50:00+00:00
[2024-10-03T20:48:52.294+0000] {logging_mixin.py:190} INFO - [2024-10-03T20:48:52.294+0000] {dag.py:4180} INFO - Setting next_dagrun for pipeline to 2024-10-03 20:40:00+00:00, run_after=2024-10-03 20:45:00+00:00
[2024-10-03T20:48:52.310+0000] {processor.py:208} INFO - Processing /opt/airflow/dags/pipeline.py took 2.165 seconds
[2024-10-03T20:49:23.041+0000] {processor.py:186} INFO - Started process (PID=482) to work on /opt/airflow/dags/pipeline.py
[2024-10-03T20:49:23.044+0000] {processor.py:914} INFO - Processing file /opt/airflow/dags/pipeline.py for tasks to queue
[2024-10-03T20:49:23.057+0000] {logging_mixin.py:190} INFO - [2024-10-03T20:49:23.055+0000] {dagbag.py:588} INFO - Filling up the DagBag from /opt/airflow/dags/pipeline.py
[2024-10-03T20:49:25.640+0000] {processor.py:925} INFO - DAG(s) 'data_preparation', 'pipeline' retrieved from /opt/airflow/dags/pipeline.py
[2024-10-03T20:49:25.662+0000] {logging_mixin.py:190} INFO - [2024-10-03T20:49:25.662+0000] {dag.py:3239} INFO - Sync 2 DAGs
[2024-10-03T20:49:26.068+0000] {logging_mixin.py:190} INFO - [2024-10-03T20:49:26.067+0000] {dag.py:4180} INFO - Setting next_dagrun for data_preparation to 2024-10-03 20:45:00+00:00, run_after=2024-10-03 20:50:00+00:00
[2024-10-03T20:49:26.072+0000] {logging_mixin.py:190} INFO - [2024-10-03T20:49:26.072+0000] {dag.py:4180} INFO - Setting next_dagrun for pipeline to 2024-10-03 20:45:00+00:00, run_after=2024-10-03 20:50:00+00:00
[2024-10-03T20:49:26.090+0000] {processor.py:208} INFO - Processing /opt/airflow/dags/pipeline.py took 3.091 seconds
[2024-10-03T20:49:56.441+0000] {processor.py:186} INFO - Started process (PID=506) to work on /opt/airflow/dags/pipeline.py
[2024-10-03T20:49:56.443+0000] {processor.py:914} INFO - Processing file /opt/airflow/dags/pipeline.py for tasks to queue
[2024-10-03T20:49:56.448+0000] {logging_mixin.py:190} INFO - [2024-10-03T20:49:56.447+0000] {dagbag.py:588} INFO - Filling up the DagBag from /opt/airflow/dags/pipeline.py
[2024-10-03T20:49:57.479+0000] {processor.py:925} INFO - DAG(s) 'data_preparation', 'pipeline' retrieved from /opt/airflow/dags/pipeline.py
[2024-10-03T20:49:57.561+0000] {logging_mixin.py:190} INFO - [2024-10-03T20:49:57.561+0000] {dag.py:3239} INFO - Sync 2 DAGs
[2024-10-03T20:49:57.896+0000] {logging_mixin.py:190} INFO - [2024-10-03T20:49:57.896+0000] {dag.py:4180} INFO - Setting next_dagrun for data_preparation to 2024-10-03 20:45:00+00:00, run_after=2024-10-03 20:50:00+00:00
[2024-10-03T20:49:57.899+0000] {logging_mixin.py:190} INFO - [2024-10-03T20:49:57.899+0000] {dag.py:4180} INFO - Setting next_dagrun for pipeline to 2024-10-03 20:45:00+00:00, run_after=2024-10-03 20:50:00+00:00
[2024-10-03T20:49:57.908+0000] {processor.py:208} INFO - Processing /opt/airflow/dags/pipeline.py took 1.485 seconds
[2024-10-03T20:50:28.572+0000] {processor.py:186} INFO - Started process (PID=539) to work on /opt/airflow/dags/pipeline.py
[2024-10-03T20:50:28.575+0000] {processor.py:914} INFO - Processing file /opt/airflow/dags/pipeline.py for tasks to queue
[2024-10-03T20:50:28.579+0000] {logging_mixin.py:190} INFO - [2024-10-03T20:50:28.579+0000] {dagbag.py:588} INFO - Filling up the DagBag from /opt/airflow/dags/pipeline.py
[2024-10-03T20:50:29.662+0000] {processor.py:925} INFO - DAG(s) 'pipeline', 'data_preparation' retrieved from /opt/airflow/dags/pipeline.py
[2024-10-03T20:50:29.693+0000] {logging_mixin.py:190} INFO - [2024-10-03T20:50:29.693+0000] {dag.py:3239} INFO - Sync 2 DAGs
[2024-10-03T20:50:30.412+0000] {logging_mixin.py:190} INFO - [2024-10-03T20:50:30.412+0000] {dag.py:4180} INFO - Setting next_dagrun for data_preparation to 2024-10-03 20:50:00+00:00, run_after=2024-10-03 20:55:00+00:00
[2024-10-03T20:50:30.416+0000] {logging_mixin.py:190} INFO - [2024-10-03T20:50:30.416+0000] {dag.py:4180} INFO - Setting next_dagrun for pipeline to 2024-10-03 20:50:00+00:00, run_after=2024-10-03 20:55:00+00:00
[2024-10-03T20:50:30.432+0000] {processor.py:208} INFO - Processing /opt/airflow/dags/pipeline.py took 1.891 seconds
[2024-10-03T21:07:24.196+0000] {processor.py:186} INFO - Started process (PID=67) to work on /opt/airflow/dags/pipeline.py
[2024-10-03T21:07:24.200+0000] {processor.py:914} INFO - Processing file /opt/airflow/dags/pipeline.py for tasks to queue
[2024-10-03T21:07:24.205+0000] {logging_mixin.py:190} INFO - [2024-10-03T21:07:24.204+0000] {dagbag.py:588} INFO - Filling up the DagBag from /opt/airflow/dags/pipeline.py
[2024-10-03T21:07:29.675+0000] {processor.py:925} INFO - DAG(s) 'data_preparation', 'pipeline' retrieved from /opt/airflow/dags/pipeline.py
[2024-10-03T21:07:29.755+0000] {logging_mixin.py:190} INFO - [2024-10-03T21:07:29.755+0000] {override.py:1900} INFO - Created Permission View: can read on DAG:pipeline
[2024-10-03T21:07:29.760+0000] {logging_mixin.py:190} INFO - [2024-10-03T21:07:29.760+0000] {override.py:1900} INFO - Created Permission View: can delete on DAG:pipeline
[2024-10-03T21:07:29.764+0000] {logging_mixin.py:190} INFO - [2024-10-03T21:07:29.764+0000] {override.py:1900} INFO - Created Permission View: can edit on DAG:pipeline
[2024-10-03T21:07:29.767+0000] {logging_mixin.py:190} INFO - [2024-10-03T21:07:29.767+0000] {override.py:1900} INFO - Created Permission View: can read on DAG Run:pipeline
[2024-10-03T21:07:29.770+0000] {logging_mixin.py:190} INFO - [2024-10-03T21:07:29.770+0000] {override.py:1900} INFO - Created Permission View: menu access on DAG Run:pipeline
[2024-10-03T21:07:29.772+0000] {logging_mixin.py:190} INFO - [2024-10-03T21:07:29.772+0000] {override.py:1900} INFO - Created Permission View: can delete on DAG Run:pipeline
[2024-10-03T21:07:29.774+0000] {logging_mixin.py:190} INFO - [2024-10-03T21:07:29.774+0000] {override.py:1900} INFO - Created Permission View: can create on DAG Run:pipeline
[2024-10-03T21:07:29.775+0000] {logging_mixin.py:190} INFO - [2024-10-03T21:07:29.774+0000] {dag.py:3239} INFO - Sync 2 DAGs
[2024-10-03T21:07:29.782+0000] {logging_mixin.py:190} INFO - [2024-10-03T21:07:29.782+0000] {dag.py:3262} INFO - Creating ORM DAG for pipeline
[2024-10-03T21:07:29.789+0000] {logging_mixin.py:190} INFO - [2024-10-03T21:07:29.789+0000] {dag.py:4180} INFO - Setting next_dagrun for data_preparation to 2024-10-03 21:00:00+00:00, run_after=2024-10-03 21:05:00+00:00
[2024-10-03T21:07:29.793+0000] {logging_mixin.py:190} INFO - [2024-10-03T21:07:29.792+0000] {dag.py:4180} INFO - Setting next_dagrun for pipeline to 2024-10-03 21:00:00+00:00, run_after=2024-10-03 21:05:00+00:00
[2024-10-03T21:07:29.802+0000] {processor.py:208} INFO - Processing /opt/airflow/dags/pipeline.py took 5.615 seconds
[2024-10-03T21:08:00.054+0000] {processor.py:186} INFO - Started process (PID=106) to work on /opt/airflow/dags/pipeline.py
[2024-10-03T21:08:00.056+0000] {processor.py:914} INFO - Processing file /opt/airflow/dags/pipeline.py for tasks to queue
[2024-10-03T21:08:00.057+0000] {logging_mixin.py:190} INFO - [2024-10-03T21:08:00.057+0000] {dagbag.py:588} INFO - Filling up the DagBag from /opt/airflow/dags/pipeline.py
[2024-10-03T21:08:01.244+0000] {processor.py:925} INFO - DAG(s) 'pipeline', 'data_preparation' retrieved from /opt/airflow/dags/pipeline.py
[2024-10-03T21:08:01.393+0000] {logging_mixin.py:190} INFO - [2024-10-03T21:08:01.392+0000] {dag.py:3239} INFO - Sync 2 DAGs
[2024-10-03T21:08:01.406+0000] {logging_mixin.py:190} INFO - [2024-10-03T21:08:01.406+0000] {dag.py:4180} INFO - Setting next_dagrun for data_preparation to 2024-10-03 21:00:00+00:00, run_after=2024-10-03 21:05:00+00:00
[2024-10-03T21:08:01.409+0000] {logging_mixin.py:190} INFO - [2024-10-03T21:08:01.409+0000] {dag.py:4180} INFO - Setting next_dagrun for pipeline to 2024-10-03 21:00:00+00:00, run_after=2024-10-03 21:05:00+00:00
[2024-10-03T21:08:01.418+0000] {processor.py:208} INFO - Processing /opt/airflow/dags/pipeline.py took 1.368 seconds
[2024-10-03T21:08:31.839+0000] {processor.py:186} INFO - Started process (PID=138) to work on /opt/airflow/dags/pipeline.py
[2024-10-03T21:08:31.840+0000] {processor.py:914} INFO - Processing file /opt/airflow/dags/pipeline.py for tasks to queue
[2024-10-03T21:08:31.842+0000] {logging_mixin.py:190} INFO - [2024-10-03T21:08:31.842+0000] {dagbag.py:588} INFO - Filling up the DagBag from /opt/airflow/dags/pipeline.py
[2024-10-03T21:08:32.894+0000] {processor.py:925} INFO - DAG(s) 'pipeline', 'data_preparation' retrieved from /opt/airflow/dags/pipeline.py
[2024-10-03T21:08:32.907+0000] {logging_mixin.py:190} INFO - [2024-10-03T21:08:32.907+0000] {dag.py:3239} INFO - Sync 2 DAGs
[2024-10-03T21:08:32.948+0000] {logging_mixin.py:190} INFO - [2024-10-03T21:08:32.948+0000] {dag.py:4180} INFO - Setting next_dagrun for data_preparation to 2024-10-03 21:00:00+00:00, run_after=2024-10-03 21:05:00+00:00
[2024-10-03T21:08:32.952+0000] {logging_mixin.py:190} INFO - [2024-10-03T21:08:32.952+0000] {dag.py:4180} INFO - Setting next_dagrun for pipeline to 2024-10-03 21:05:00+00:00, run_after=2024-10-03 21:10:00+00:00
[2024-10-03T21:08:32.962+0000] {processor.py:208} INFO - Processing /opt/airflow/dags/pipeline.py took 1.128 seconds
[2024-10-03T21:09:03.253+0000] {processor.py:186} INFO - Started process (PID=162) to work on /opt/airflow/dags/pipeline.py
[2024-10-03T21:09:03.254+0000] {processor.py:914} INFO - Processing file /opt/airflow/dags/pipeline.py for tasks to queue
[2024-10-03T21:09:03.258+0000] {logging_mixin.py:190} INFO - [2024-10-03T21:09:03.257+0000] {dagbag.py:588} INFO - Filling up the DagBag from /opt/airflow/dags/pipeline.py
[2024-10-03T21:09:05.262+0000] {processor.py:925} INFO - DAG(s) 'data_preparation', 'pipeline' retrieved from /opt/airflow/dags/pipeline.py
[2024-10-03T21:09:05.419+0000] {logging_mixin.py:190} INFO - [2024-10-03T21:09:05.418+0000] {dag.py:3239} INFO - Sync 2 DAGs
[2024-10-03T21:09:05.434+0000] {logging_mixin.py:190} INFO - [2024-10-03T21:09:05.433+0000] {dag.py:4180} INFO - Setting next_dagrun for data_preparation to 2024-10-03 21:00:00+00:00, run_after=2024-10-03 21:05:00+00:00
[2024-10-03T21:09:05.436+0000] {logging_mixin.py:190} INFO - [2024-10-03T21:09:05.436+0000] {dag.py:4180} INFO - Setting next_dagrun for pipeline to 2024-10-03 21:05:00+00:00, run_after=2024-10-03 21:10:00+00:00
[2024-10-03T21:09:05.448+0000] {processor.py:208} INFO - Processing /opt/airflow/dags/pipeline.py took 2.203 seconds
[2024-10-03T21:09:35.679+0000] {processor.py:186} INFO - Started process (PID=186) to work on /opt/airflow/dags/pipeline.py
[2024-10-03T21:09:35.682+0000] {processor.py:914} INFO - Processing file /opt/airflow/dags/pipeline.py for tasks to queue
[2024-10-03T21:09:35.686+0000] {logging_mixin.py:190} INFO - [2024-10-03T21:09:35.685+0000] {dagbag.py:588} INFO - Filling up the DagBag from /opt/airflow/dags/pipeline.py
[2024-10-03T21:09:36.609+0000] {processor.py:925} INFO - DAG(s) 'pipeline', 'data_preparation' retrieved from /opt/airflow/dags/pipeline.py
[2024-10-03T21:09:36.626+0000] {logging_mixin.py:190} INFO - [2024-10-03T21:09:36.626+0000] {dag.py:3239} INFO - Sync 2 DAGs
[2024-10-03T21:09:36.639+0000] {logging_mixin.py:190} INFO - [2024-10-03T21:09:36.639+0000] {dag.py:4180} INFO - Setting next_dagrun for data_preparation to 2024-10-03 21:00:00+00:00, run_after=2024-10-03 21:05:00+00:00
[2024-10-03T21:09:36.642+0000] {logging_mixin.py:190} INFO - [2024-10-03T21:09:36.642+0000] {dag.py:4180} INFO - Setting next_dagrun for pipeline to 2024-10-03 21:05:00+00:00, run_after=2024-10-03 21:10:00+00:00
[2024-10-03T21:09:36.650+0000] {processor.py:208} INFO - Processing /opt/airflow/dags/pipeline.py took 0.978 seconds
[2024-10-03T21:10:07.268+0000] {processor.py:186} INFO - Started process (PID=210) to work on /opt/airflow/dags/pipeline.py
[2024-10-03T21:10:07.270+0000] {processor.py:914} INFO - Processing file /opt/airflow/dags/pipeline.py for tasks to queue
[2024-10-03T21:10:07.273+0000] {logging_mixin.py:190} INFO - [2024-10-03T21:10:07.272+0000] {dagbag.py:588} INFO - Filling up the DagBag from /opt/airflow/dags/pipeline.py
[2024-10-03T21:10:08.888+0000] {processor.py:925} INFO - DAG(s) 'data_preparation', 'pipeline' retrieved from /opt/airflow/dags/pipeline.py
[2024-10-03T21:10:08.905+0000] {logging_mixin.py:190} INFO - [2024-10-03T21:10:08.905+0000] {dag.py:3239} INFO - Sync 2 DAGs
[2024-10-03T21:10:08.923+0000] {logging_mixin.py:190} INFO - [2024-10-03T21:10:08.923+0000] {dag.py:4180} INFO - Setting next_dagrun for data_preparation to 2024-10-03 21:05:00+00:00, run_after=2024-10-03 21:10:00+00:00
[2024-10-03T21:10:08.927+0000] {logging_mixin.py:190} INFO - [2024-10-03T21:10:08.927+0000] {dag.py:4180} INFO - Setting next_dagrun for pipeline to 2024-10-03 21:10:00+00:00, run_after=2024-10-03 21:15:00+00:00
[2024-10-03T21:10:08.943+0000] {processor.py:208} INFO - Processing /opt/airflow/dags/pipeline.py took 1.680 seconds
[2024-10-03T21:10:39.829+0000] {processor.py:186} INFO - Started process (PID=234) to work on /opt/airflow/dags/pipeline.py
[2024-10-03T21:10:39.830+0000] {processor.py:914} INFO - Processing file /opt/airflow/dags/pipeline.py for tasks to queue
[2024-10-03T21:10:39.833+0000] {logging_mixin.py:190} INFO - [2024-10-03T21:10:39.832+0000] {dagbag.py:588} INFO - Filling up the DagBag from /opt/airflow/dags/pipeline.py
[2024-10-03T21:10:40.945+0000] {processor.py:925} INFO - DAG(s) 'pipeline', 'data_preparation' retrieved from /opt/airflow/dags/pipeline.py
[2024-10-03T21:10:41.001+0000] {logging_mixin.py:190} INFO - [2024-10-03T21:10:41.001+0000] {dag.py:3239} INFO - Sync 2 DAGs
[2024-10-03T21:10:41.016+0000] {logging_mixin.py:190} INFO - [2024-10-03T21:10:41.016+0000] {dag.py:4180} INFO - Setting next_dagrun for data_preparation to 2024-10-03 21:05:00+00:00, run_after=2024-10-03 21:10:00+00:00
[2024-10-03T21:10:41.020+0000] {logging_mixin.py:190} INFO - [2024-10-03T21:10:41.020+0000] {dag.py:4180} INFO - Setting next_dagrun for pipeline to 2024-10-03 21:10:00+00:00, run_after=2024-10-03 21:15:00+00:00
[2024-10-03T21:10:41.037+0000] {processor.py:208} INFO - Processing /opt/airflow/dags/pipeline.py took 1.216 seconds
[2024-10-03T21:11:11.364+0000] {processor.py:186} INFO - Started process (PID=257) to work on /opt/airflow/dags/pipeline.py
[2024-10-03T21:11:11.366+0000] {processor.py:914} INFO - Processing file /opt/airflow/dags/pipeline.py for tasks to queue
[2024-10-03T21:11:11.368+0000] {logging_mixin.py:190} INFO - [2024-10-03T21:11:11.368+0000] {dagbag.py:588} INFO - Filling up the DagBag from /opt/airflow/dags/pipeline.py
[2024-10-03T21:11:12.476+0000] {processor.py:925} INFO - DAG(s) 'data_preparation', 'pipeline' retrieved from /opt/airflow/dags/pipeline.py
[2024-10-03T21:11:12.494+0000] {logging_mixin.py:190} INFO - [2024-10-03T21:11:12.494+0000] {dag.py:3239} INFO - Sync 2 DAGs
[2024-10-03T21:11:12.506+0000] {logging_mixin.py:190} INFO - [2024-10-03T21:11:12.506+0000] {dag.py:4180} INFO - Setting next_dagrun for data_preparation to 2024-10-03 21:05:00+00:00, run_after=2024-10-03 21:10:00+00:00
[2024-10-03T21:11:12.509+0000] {logging_mixin.py:190} INFO - [2024-10-03T21:11:12.509+0000] {dag.py:4180} INFO - Setting next_dagrun for pipeline to 2024-10-03 21:10:00+00:00, run_after=2024-10-03 21:15:00+00:00
[2024-10-03T21:11:12.517+0000] {processor.py:208} INFO - Processing /opt/airflow/dags/pipeline.py took 1.160 seconds
[2024-10-03T21:11:42.772+0000] {processor.py:186} INFO - Started process (PID=281) to work on /opt/airflow/dags/pipeline.py
[2024-10-03T21:11:42.775+0000] {processor.py:914} INFO - Processing file /opt/airflow/dags/pipeline.py for tasks to queue
[2024-10-03T21:11:42.916+0000] {logging_mixin.py:190} INFO - [2024-10-03T21:11:42.916+0000] {dagbag.py:588} INFO - Filling up the DagBag from /opt/airflow/dags/pipeline.py
[2024-10-03T21:11:43.668+0000] {processor.py:925} INFO - DAG(s) 'pipeline', 'data_preparation' retrieved from /opt/airflow/dags/pipeline.py
[2024-10-03T21:11:43.692+0000] {logging_mixin.py:190} INFO - [2024-10-03T21:11:43.692+0000] {dag.py:3239} INFO - Sync 2 DAGs
[2024-10-03T21:11:43.709+0000] {logging_mixin.py:190} INFO - [2024-10-03T21:11:43.709+0000] {dag.py:4180} INFO - Setting next_dagrun for data_preparation to 2024-10-03 21:05:00+00:00, run_after=2024-10-03 21:10:00+00:00
[2024-10-03T21:11:43.711+0000] {logging_mixin.py:190} INFO - [2024-10-03T21:11:43.711+0000] {dag.py:4180} INFO - Setting next_dagrun for pipeline to 2024-10-03 21:10:00+00:00, run_after=2024-10-03 21:15:00+00:00
[2024-10-03T21:11:43.719+0000] {processor.py:208} INFO - Processing /opt/airflow/dags/pipeline.py took 0.961 seconds
[2024-10-03T21:12:14.284+0000] {processor.py:186} INFO - Started process (PID=305) to work on /opt/airflow/dags/pipeline.py
[2024-10-03T21:12:14.285+0000] {processor.py:914} INFO - Processing file /opt/airflow/dags/pipeline.py for tasks to queue
[2024-10-03T21:12:14.291+0000] {logging_mixin.py:190} INFO - [2024-10-03T21:12:14.290+0000] {dagbag.py:588} INFO - Filling up the DagBag from /opt/airflow/dags/pipeline.py
[2024-10-03T21:12:15.127+0000] {processor.py:925} INFO - DAG(s) 'pipeline', 'data_preparation' retrieved from /opt/airflow/dags/pipeline.py
[2024-10-03T21:12:15.193+0000] {logging_mixin.py:190} INFO - [2024-10-03T21:12:15.192+0000] {dag.py:3239} INFO - Sync 2 DAGs
[2024-10-03T21:12:15.213+0000] {logging_mixin.py:190} INFO - [2024-10-03T21:12:15.213+0000] {dag.py:4180} INFO - Setting next_dagrun for data_preparation to 2024-10-03 21:05:00+00:00, run_after=2024-10-03 21:10:00+00:00
[2024-10-03T21:12:15.216+0000] {logging_mixin.py:190} INFO - [2024-10-03T21:12:15.216+0000] {dag.py:4180} INFO - Setting next_dagrun for pipeline to 2024-10-03 21:10:00+00:00, run_after=2024-10-03 21:15:00+00:00
[2024-10-03T21:12:15.227+0000] {processor.py:208} INFO - Processing /opt/airflow/dags/pipeline.py took 0.955 seconds
[2024-10-03T21:12:45.559+0000] {processor.py:186} INFO - Started process (PID=330) to work on /opt/airflow/dags/pipeline.py
[2024-10-03T21:12:45.563+0000] {processor.py:914} INFO - Processing file /opt/airflow/dags/pipeline.py for tasks to queue
[2024-10-03T21:12:45.568+0000] {logging_mixin.py:190} INFO - [2024-10-03T21:12:45.568+0000] {dagbag.py:588} INFO - Filling up the DagBag from /opt/airflow/dags/pipeline.py
[2024-10-03T21:12:46.969+0000] {processor.py:925} INFO - DAG(s) 'pipeline', 'data_preparation' retrieved from /opt/airflow/dags/pipeline.py
[2024-10-03T21:12:46.983+0000] {logging_mixin.py:190} INFO - [2024-10-03T21:12:46.983+0000] {dag.py:3239} INFO - Sync 2 DAGs
[2024-10-03T21:12:46.995+0000] {logging_mixin.py:190} INFO - [2024-10-03T21:12:46.995+0000] {dag.py:4180} INFO - Setting next_dagrun for data_preparation to 2024-10-03 21:05:00+00:00, run_after=2024-10-03 21:10:00+00:00
[2024-10-03T21:12:46.997+0000] {logging_mixin.py:190} INFO - [2024-10-03T21:12:46.997+0000] {dag.py:4180} INFO - Setting next_dagrun for pipeline to 2024-10-03 21:10:00+00:00, run_after=2024-10-03 21:15:00+00:00
[2024-10-03T21:12:47.005+0000] {processor.py:208} INFO - Processing /opt/airflow/dags/pipeline.py took 1.472 seconds
[2024-10-03T21:12:49.859+0000] {processor.py:186} INFO - Started process (PID=347) to work on /opt/airflow/dags/pipeline.py
[2024-10-03T21:12:49.860+0000] {processor.py:914} INFO - Processing file /opt/airflow/dags/pipeline.py for tasks to queue
[2024-10-03T21:12:49.866+0000] {logging_mixin.py:190} INFO - [2024-10-03T21:12:49.864+0000] {dagbag.py:588} INFO - Filling up the DagBag from /opt/airflow/dags/pipeline.py
[2024-10-03T21:12:51.409+0000] {processor.py:925} INFO - DAG(s) 'pipeline', 'data_preparation' retrieved from /opt/airflow/dags/pipeline.py
[2024-10-03T21:12:51.450+0000] {logging_mixin.py:190} INFO - [2024-10-03T21:12:51.449+0000] {dag.py:3239} INFO - Sync 2 DAGs
[2024-10-03T21:12:51.477+0000] {logging_mixin.py:190} INFO - [2024-10-03T21:12:51.477+0000] {dag.py:4180} INFO - Setting next_dagrun for data_preparation to 2024-10-03 21:05:00+00:00, run_after=2024-10-03 21:10:00+00:00
[2024-10-03T21:12:51.480+0000] {logging_mixin.py:190} INFO - [2024-10-03T21:12:51.479+0000] {dag.py:4180} INFO - Setting next_dagrun for pipeline to 2024-10-03 21:10:00+00:00, run_after=2024-10-03 21:15:00+00:00
[2024-10-03T21:12:51.490+0000] {processor.py:208} INFO - Processing /opt/airflow/dags/pipeline.py took 1.638 seconds
[2024-10-03T21:12:53.220+0000] {processor.py:186} INFO - Started process (PID=356) to work on /opt/airflow/dags/pipeline.py
[2024-10-03T21:12:53.221+0000] {processor.py:914} INFO - Processing file /opt/airflow/dags/pipeline.py for tasks to queue
[2024-10-03T21:12:53.226+0000] {logging_mixin.py:190} INFO - [2024-10-03T21:12:53.225+0000] {dagbag.py:588} INFO - Filling up the DagBag from /opt/airflow/dags/pipeline.py
[2024-10-03T21:12:54.435+0000] {processor.py:925} INFO - DAG(s) 'data_preparation', 'pipeline' retrieved from /opt/airflow/dags/pipeline.py
[2024-10-03T21:12:54.451+0000] {logging_mixin.py:190} INFO - [2024-10-03T21:12:54.451+0000] {dag.py:3239} INFO - Sync 2 DAGs
[2024-10-03T21:12:54.466+0000] {logging_mixin.py:190} INFO - [2024-10-03T21:12:54.466+0000] {dag.py:4180} INFO - Setting next_dagrun for data_preparation to 2024-10-03 21:05:00+00:00, run_after=2024-10-03 21:10:00+00:00
[2024-10-03T21:12:54.468+0000] {logging_mixin.py:190} INFO - [2024-10-03T21:12:54.468+0000] {dag.py:4180} INFO - Setting next_dagrun for pipeline to 2024-10-03 21:10:00+00:00, run_after=2024-10-03 21:15:00+00:00
[2024-10-03T21:12:54.477+0000] {processor.py:208} INFO - Processing /opt/airflow/dags/pipeline.py took 1.269 seconds
[2024-10-03T21:12:55.241+0000] {processor.py:186} INFO - Started process (PID=365) to work on /opt/airflow/dags/pipeline.py
[2024-10-03T21:12:55.243+0000] {processor.py:914} INFO - Processing file /opt/airflow/dags/pipeline.py for tasks to queue
[2024-10-03T21:12:55.250+0000] {logging_mixin.py:190} INFO - [2024-10-03T21:12:55.249+0000] {dagbag.py:588} INFO - Filling up the DagBag from /opt/airflow/dags/pipeline.py
[2024-10-03T21:12:56.208+0000] {processor.py:925} INFO - DAG(s) 'pipeline', 'data_preparation' retrieved from /opt/airflow/dags/pipeline.py
[2024-10-03T21:12:56.225+0000] {logging_mixin.py:190} INFO - [2024-10-03T21:12:56.225+0000] {dag.py:3239} INFO - Sync 2 DAGs
[2024-10-03T21:12:56.242+0000] {logging_mixin.py:190} INFO - [2024-10-03T21:12:56.241+0000] {dag.py:4180} INFO - Setting next_dagrun for data_preparation to 2024-10-03 21:05:00+00:00, run_after=2024-10-03 21:10:00+00:00
[2024-10-03T21:12:56.244+0000] {logging_mixin.py:190} INFO - [2024-10-03T21:12:56.244+0000] {dag.py:4180} INFO - Setting next_dagrun for pipeline to 2024-10-03 21:10:00+00:00, run_after=2024-10-03 21:15:00+00:00
[2024-10-03T21:12:56.255+0000] {processor.py:208} INFO - Processing /opt/airflow/dags/pipeline.py took 1.021 seconds
[2024-10-03T21:12:57.282+0000] {processor.py:186} INFO - Started process (PID=374) to work on /opt/airflow/dags/pipeline.py
[2024-10-03T21:12:57.285+0000] {processor.py:914} INFO - Processing file /opt/airflow/dags/pipeline.py for tasks to queue
[2024-10-03T21:12:57.293+0000] {logging_mixin.py:190} INFO - [2024-10-03T21:12:57.290+0000] {dagbag.py:588} INFO - Filling up the DagBag from /opt/airflow/dags/pipeline.py
[2024-10-03T21:12:58.319+0000] {processor.py:925} INFO - DAG(s) 'pipeline', 'data_preparation' retrieved from /opt/airflow/dags/pipeline.py
[2024-10-03T21:12:58.335+0000] {logging_mixin.py:190} INFO - [2024-10-03T21:12:58.334+0000] {dag.py:3239} INFO - Sync 2 DAGs
[2024-10-03T21:12:58.362+0000] {logging_mixin.py:190} INFO - [2024-10-03T21:12:58.362+0000] {dag.py:4180} INFO - Setting next_dagrun for data_preparation to 2024-10-03 21:05:00+00:00, run_after=2024-10-03 21:10:00+00:00
[2024-10-03T21:12:58.366+0000] {logging_mixin.py:190} INFO - [2024-10-03T21:12:58.366+0000] {dag.py:4180} INFO - Setting next_dagrun for pipeline to 2024-10-03 21:10:00+00:00, run_after=2024-10-03 21:15:00+00:00
[2024-10-03T21:12:58.376+0000] {processor.py:208} INFO - Processing /opt/airflow/dags/pipeline.py took 1.106 seconds
[2024-10-03T21:13:00.352+0000] {processor.py:186} INFO - Started process (PID=389) to work on /opt/airflow/dags/pipeline.py
[2024-10-03T21:13:00.353+0000] {processor.py:914} INFO - Processing file /opt/airflow/dags/pipeline.py for tasks to queue
[2024-10-03T21:13:00.372+0000] {logging_mixin.py:190} INFO - [2024-10-03T21:13:00.371+0000] {dagbag.py:588} INFO - Filling up the DagBag from /opt/airflow/dags/pipeline.py
[2024-10-03T21:13:01.622+0000] {processor.py:925} INFO - DAG(s) 'data_preparation', 'pipeline' retrieved from /opt/airflow/dags/pipeline.py
[2024-10-03T21:13:01.639+0000] {logging_mixin.py:190} INFO - [2024-10-03T21:13:01.638+0000] {dag.py:3239} INFO - Sync 2 DAGs
[2024-10-03T21:13:01.652+0000] {logging_mixin.py:190} INFO - [2024-10-03T21:13:01.652+0000] {dag.py:4180} INFO - Setting next_dagrun for data_preparation to 2024-10-03 21:05:00+00:00, run_after=2024-10-03 21:10:00+00:00
[2024-10-03T21:13:01.655+0000] {logging_mixin.py:190} INFO - [2024-10-03T21:13:01.655+0000] {dag.py:4180} INFO - Setting next_dagrun for pipeline to 2024-10-03 21:10:00+00:00, run_after=2024-10-03 21:15:00+00:00
[2024-10-03T21:13:01.663+0000] {processor.py:208} INFO - Processing /opt/airflow/dags/pipeline.py took 1.320 seconds
[2024-10-03T21:13:03.586+0000] {processor.py:186} INFO - Started process (PID=398) to work on /opt/airflow/dags/pipeline.py
[2024-10-03T21:13:03.587+0000] {processor.py:914} INFO - Processing file /opt/airflow/dags/pipeline.py for tasks to queue
[2024-10-03T21:13:03.593+0000] {logging_mixin.py:190} INFO - [2024-10-03T21:13:03.593+0000] {dagbag.py:588} INFO - Filling up the DagBag from /opt/airflow/dags/pipeline.py
[2024-10-03T21:13:04.710+0000] {processor.py:925} INFO - DAG(s) 'pipeline', 'data_preparation' retrieved from /opt/airflow/dags/pipeline.py
[2024-10-03T21:13:04.729+0000] {logging_mixin.py:190} INFO - [2024-10-03T21:13:04.729+0000] {dag.py:3239} INFO - Sync 2 DAGs
[2024-10-03T21:13:04.743+0000] {logging_mixin.py:190} INFO - [2024-10-03T21:13:04.743+0000] {dag.py:4180} INFO - Setting next_dagrun for data_preparation to 2024-10-03 21:05:00+00:00, run_after=2024-10-03 21:10:00+00:00
[2024-10-03T21:13:04.746+0000] {logging_mixin.py:190} INFO - [2024-10-03T21:13:04.746+0000] {dag.py:4180} INFO - Setting next_dagrun for pipeline to 2024-10-03 21:10:00+00:00, run_after=2024-10-03 21:15:00+00:00
[2024-10-03T21:13:04.755+0000] {processor.py:208} INFO - Processing /opt/airflow/dags/pipeline.py took 1.182 seconds
[2024-10-03T21:13:06.779+0000] {processor.py:186} INFO - Started process (PID=407) to work on /opt/airflow/dags/pipeline.py
[2024-10-03T21:13:06.780+0000] {processor.py:914} INFO - Processing file /opt/airflow/dags/pipeline.py for tasks to queue
[2024-10-03T21:13:06.784+0000] {logging_mixin.py:190} INFO - [2024-10-03T21:13:06.784+0000] {dagbag.py:588} INFO - Filling up the DagBag from /opt/airflow/dags/pipeline.py
