[2024-10-03T19:40:02.079+0000] {local_task_job_runner.py:123} INFO - ::group::Pre task execution logs
[2024-10-03T19:40:02.086+0000] {taskinstance.py:2612} INFO - Dependencies all met for dep_context=non-requeueable deps ti=<TaskInstance: data_preparation.read_data scheduled__2024-10-03T19:35:00+00:00 [queued]>
[2024-10-03T19:40:02.089+0000] {taskinstance.py:2612} INFO - Dependencies all met for dep_context=requeueable deps ti=<TaskInstance: data_preparation.read_data scheduled__2024-10-03T19:35:00+00:00 [queued]>
[2024-10-03T19:40:02.089+0000] {taskinstance.py:2865} INFO - Starting attempt 1 of 1
[2024-10-03T19:40:02.095+0000] {taskinstance.py:2888} INFO - Executing <Task(_PythonDecoratedOperator): read_data> on 2024-10-03 19:35:00+00:00
[2024-10-03T19:40:02.121+0000] {warnings.py:112} WARNING - /home/***/.local/lib/python3.12/site-packages/***/task/task_runner/standard_task_runner.py:70: DeprecationWarning: This process (pid=352) is multi-threaded, use of fork() may lead to deadlocks in the child.
  pid = os.fork()

[2024-10-03T19:40:02.123+0000] {standard_task_runner.py:72} INFO - Started process 361 to run task
[2024-10-03T19:40:02.123+0000] {standard_task_runner.py:104} INFO - Running: ['***', 'tasks', 'run', 'data_preparation', 'read_data', 'scheduled__2024-10-03T19:35:00+00:00', '--job-id', '389', '--raw', '--subdir', 'DAGS_FOLDER/prepare_data.py', '--cfg-path', '/tmp/tmpag922ep8']
[2024-10-03T19:40:02.127+0000] {standard_task_runner.py:105} INFO - Job 389: Subtask read_data
[2024-10-03T19:40:02.232+0000] {task_command.py:467} INFO - Running <TaskInstance: data_preparation.read_data scheduled__2024-10-03T19:35:00+00:00 [running]> on host 0f6a9ec7c331
[2024-10-03T19:40:02.314+0000] {taskinstance.py:3131} INFO - Exporting env vars: AIRFLOW_CTX_DAG_OWNER='***' AIRFLOW_CTX_DAG_ID='data_preparation' AIRFLOW_CTX_TASK_ID='read_data' AIRFLOW_CTX_EXECUTION_DATE='2024-10-03T19:35:00+00:00' AIRFLOW_CTX_TRY_NUMBER='1' AIRFLOW_CTX_DAG_RUN_ID='scheduled__2024-10-03T19:35:00+00:00'
[2024-10-03T19:40:02.316+0000] {taskinstance.py:731} INFO - ::endgroup::
[2024-10-03T19:40:02.326+0000] {python.py:240} INFO - Done. Returned value was:     Car_Name  Year  Selling_Price  ...  Seller_Type  Transmission Owner
0       ritz  2014           3.35  ...       Dealer        Manual     0
1        sx4  2013           4.75  ...       Dealer        Manual     0
2       ciaz  2017           7.25  ...       Dealer        Manual     0
3    wagon r  2011           2.85  ...       Dealer        Manual     0
4      swift  2014           4.60  ...       Dealer        Manual     0
..       ...   ...            ...  ...          ...           ...   ...
296     city  2016           9.50  ...       Dealer        Manual     0
297     brio  2015           4.00  ...       Dealer        Manual     0
298     city  2009           3.35  ...       Dealer        Manual     0
299     city  2017          11.50  ...       Dealer        Manual     0
300     brio  2016           5.30  ...       Dealer        Manual     0

[301 rows x 9 columns]
[2024-10-03T19:40:02.386+0000] {taskinstance.py:340} INFO - ::group::Post task execution logs
[2024-10-03T19:40:02.386+0000] {taskinstance.py:352} INFO - Marking task as SUCCESS. dag_id=data_preparation, task_id=read_data, run_id=scheduled__2024-10-03T19:35:00+00:00, execution_date=20241003T193500, start_date=20241003T194002, end_date=20241003T194002
[2024-10-03T19:40:02.481+0000] {local_task_job_runner.py:266} INFO - Task exited with return code 0
[2024-10-03T19:40:02.513+0000] {taskinstance.py:3900} INFO - 1 downstream tasks scheduled from follow-on schedule check
[2024-10-03T19:40:02.515+0000] {local_task_job_runner.py:245} INFO - ::endgroup::
